{
  "stats": {
    "suites": 2,
    "tests": 5,
    "passes": 5,
    "pending": 0,
    "failures": 0,
    "start": "2025-03-03T01:59:51.346Z",
    "end": "2025-03-03T01:59:53.474Z",
    "duration": 2128,
    "testsRegistered": 5,
    "passPercent": 100,
    "pendingPercent": 0,
    "other": 0,
    "hasOther": false,
    "skipped": 0,
    "hasSkipped": false
  },
  "results": [
    {
      "uuid": "fd60dd29-099b-4899-a586-dd01b406f41a",
      "title": "",
      "fullFile": "",
      "file": "",
      "beforeHooks": [
        {
          "title": "\"before all\" hook in \"{root}\"",
          "fullTitle": "\"before all\" hook in \"{root}\"",
          "timedOut": false,
          "duration": 0,
          "state": null,
          "speed": null,
          "pass": false,
          "fail": false,
          "pending": false,
          "context": null,
          "code": "await generateTestData()",
          "err": {},
          "uuid": "d77f6c85-9a6a-4ce9-9ff0-1a8c31332463",
          "parentUUID": "fd60dd29-099b-4899-a586-dd01b406f41a",
          "isHook": true,
          "skipped": false
        }
      ],
      "afterHooks": [],
      "tests": [],
      "suites": [
        {
          "uuid": "b14bc6af-dd06-4c4c-ab94-51bc1fd074b4",
          "title": "Create user Post ",
          "fullFile": "C:\\Users\\dplau\\Documents\\221RDB422_2025\\api-automation-main\\tests\\scenarios\\user\\posts.js",
          "file": "\\tests\\scenarios\\user\\posts.js",
          "beforeHooks": [],
          "afterHooks": [],
          "tests": [],
          "suites": [
            {
              "uuid": "7c4d2244-1878-408c-aa73-b5e8e1abc43f",
              "title": "Create User",
              "fullFile": "C:\\Users\\dplau\\Documents\\221RDB422_2025\\api-automation-main\\tests\\scenarios\\user\\posts.js",
              "file": "\\tests\\scenarios\\user\\posts.js",
              "beforeHooks": [],
              "afterHooks": [],
              "tests": [
                {
                  "title": "Create user account",
                  "fullTitle": "Create user Post  Create User Create user account",
                  "timedOut": false,
                  "duration": 525,
                  "state": "passed",
                  "speed": "slow",
                  "pass": true,
                  "fail": false,
                  "pending": false,
                  "context": "[\n  \"POST /users\",\n  {\n    \"title\": \"REQUEST HEADERS\",\n    \"value\": {\n      \"Content-Type\": \"application/json\",\n      \"Accept\": \"application/json\",\n      \"Authorization\": \"Bearer 051be69887fe6e69c2a5c9754b0ff28081739ab855dac5f46d303350113eecef\"\n    }\n  },\n  {\n    \"title\": \"REQUEST BODY\",\n    \"value\": {\n      \"name\": \"Tenali Ramakrishna\",\n      \"gender\": \"male\",\n      \"email\": \"nngcknig9@domain.com\",\n      \"status\": \"active\"\n    }\n  },\n  {\n    \"title\": \"RESPONSE HEADERS\",\n    \"value\": {\n      \"date\": \"Mon, 03 Mar 2025 01:59:50 GMT\",\n      \"content-type\": \"application/json; charset=utf-8\",\n      \"content-length\": \"107\",\n      \"connection\": \"close\",\n      \"cache-control\": \"max-age=0, private, must-revalidate\",\n      \"etag\": \"W/\\\"2f7887f7a0eac6c67c6b139440ce7349\\\"\",\n      \"feature-policy\": \"camera 'none'; gyroscope 'none'; microphone 'none'; usb 'none'; fullscreen 'self'\",\n      \"location\": \"https://gorest.co.in/public/v2/users/7738526\",\n      \"referrer-policy\": \"strict-origin-when-cross-origin\",\n      \"vary\": \"Origin\",\n      \"x-content-type-options\": \"nosniff\",\n      \"x-download-options\": \"noopen\",\n      \"x-frame-options\": \"SAMEORIGIN\",\n      \"x-permitted-cross-domain-policies\": \"none\",\n      \"x-ratelimit-limit\": \"90\",\n      \"x-ratelimit-remaining\": \"86\",\n      \"x-ratelimit-reset\": \"1\",\n      \"x-request-id\": \"a020621f-b48f-4b85-a2ad-a0c62f8a7de2\",\n      \"x-runtime\": \"0.050229\",\n      \"x-xss-protection\": \"0\",\n      \"cf-cache-status\": \"DYNAMIC\",\n      \"report-to\": \"{\\\"endpoints\\\":[{\\\"url\\\":\\\"https:\\\\/\\\\/a.nel.cloudflare.com\\\\/report\\\\/v4?s=Xy67w3ZtBRKK22hXSJqj0IlPHu6KGmHz1vVJpnQCWBGPysuyKzUDtai6ACxdRK5%2B1wBWqdMOf43nXb3clEHVdSvnGIsYa6DqwM0eXtWDpJ%2Fg%2FPd%2FRtw%2FQF%2BBeyyBAdeDVPrdGROqqxWPYhU%3D\\\"}],\\\"group\\\":\\\"cf-nel\\\",\\\"max_age\\\":604800}\",\n      \"nel\": \"{\\\"success_fraction\\\":0,\\\"report_to\\\":\\\"cf-nel\\\",\\\"max_age\\\":604800}\",\n      \"server\": \"cloudflare\",\n      \"cf-ray\": \"91a5896cff7be4cc-RIX\",\n      \"alt-svc\": \"h3=\\\":443\\\"; ma=86400\",\n      \"server-timing\": \"cfL4;desc=\\\"?proto=TCP&rtt=22272&min_rtt=20621&rtt_var=8995&sent=5&recv=5&lost=0&retrans=0&sent_bytes=2826&recv_bytes=837&delivery_rate=116540&cwnd=252&unsent_bytes=0&cid=d7b23c44d4e138f0&ts=305&x=0\\\"\"\n    }\n  },\n  {\n    \"title\": \"RESPONSE BODY\",\n    \"value\": {\n      \"id\": 7738526,\n      \"name\": \"Tenali Ramakrishna\",\n      \"email\": \"nngcknig9@domain.com\",\n      \"gender\": \"male\",\n      \"status\": \"active\"\n    }\n  }\n]",
                  "code": "const requestBody = await getCreateUserRequestBody()\nawait request(this, 'POST', '/users', requestBody, true, \n    {\n        statusCode : 201,\n        expectedFields: ['email'],\n        expectedValues: [\n                            {path: 'name', value: requestBody.name},\n                            {path: 'gender', value: requestBody.gender},\n                            {path: 'status', value: requestBody.status}\n                        ],\n        executionVariables: [\n                                {path: 'id', name: 'userId'}, \n                            ]\n    }\n)",
                  "err": {},
                  "uuid": "a59de789-61ae-46ec-9f05-e54d6b2cf5c4",
                  "parentUUID": "7c4d2244-1878-408c-aa73-b5e8e1abc43f",
                  "isHook": false,
                  "skipped": false
                },
                {
                  "title": "Create user Post",
                  "fullTitle": "Create user Post  Create User Create user Post",
                  "timedOut": false,
                  "duration": 387,
                  "state": "passed",
                  "speed": "slow",
                  "pass": true,
                  "fail": false,
                  "pending": false,
                  "context": "[\n  \"POST /posts\",\n  {\n    \"title\": \"REQUEST HEADERS\",\n    \"value\": {\n      \"Content-Type\": \"application/json\",\n      \"Accept\": \"application/json\",\n      \"Authorization\": \"Bearer 051be69887fe6e69c2a5c9754b0ff28081739ab855dac5f46d303350113eecef\"\n    }\n  },\n  {\n    \"title\": \"REQUEST BODY\",\n    \"value\": {\n      \"title\": \"My First Post\",\n      \"body\": \"This is the content of the post.\",\n      \"user_id\": 7738526\n    }\n  },\n  {\n    \"title\": \"RESPONSE HEADERS\",\n    \"value\": {\n      \"date\": \"Mon, 03 Mar 2025 01:59:51 GMT\",\n      \"content-type\": \"application/json; charset=utf-8\",\n      \"content-length\": \"97\",\n      \"connection\": \"close\",\n      \"cache-control\": \"max-age=0, private, must-revalidate\",\n      \"etag\": \"W/\\\"f8bd1745194c647522e0d60a02481ecc\\\"\",\n      \"feature-policy\": \"camera 'none'; gyroscope 'none'; microphone 'none'; usb 'none'; fullscreen 'self'\",\n      \"location\": \"https://gorest.co.in/public/v2/posts/196727\",\n      \"referrer-policy\": \"strict-origin-when-cross-origin\",\n      \"vary\": \"Origin\",\n      \"x-content-type-options\": \"nosniff\",\n      \"x-download-options\": \"noopen\",\n      \"x-frame-options\": \"SAMEORIGIN\",\n      \"x-permitted-cross-domain-policies\": \"none\",\n      \"x-ratelimit-limit\": \"90\",\n      \"x-ratelimit-remaining\": \"89\",\n      \"x-ratelimit-reset\": \"2\",\n      \"x-request-id\": \"4935c5c4-99aa-4725-a4a3-bd6b72ee63a8\",\n      \"x-runtime\": \"0.051075\",\n      \"x-xss-protection\": \"0\",\n      \"cf-cache-status\": \"DYNAMIC\",\n      \"report-to\": \"{\\\"endpoints\\\":[{\\\"url\\\":\\\"https:\\\\/\\\\/a.nel.cloudflare.com\\\\/report\\\\/v4?s=AWXraDp8d4b0PevIg2uafLbw2B1fLcDOqJ55eLiq5A5esPIufw7u7Rj9m%2Fv3c640guWbjH9UI7jtrb0cP%2BfhpWR0WCFXBYWwPgxohS6UsvabscRe0MjP7Et7ktSAtlz%2F5qJqfVg%2Be6%2FzF6U%3D\\\"}],\\\"group\\\":\\\"cf-nel\\\",\\\"max_age\\\":604800}\",\n      \"nel\": \"{\\\"success_fraction\\\":0,\\\"report_to\\\":\\\"cf-nel\\\",\\\"max_age\\\":604800}\",\n      \"server\": \"cloudflare\",\n      \"cf-ray\": \"91a5896fbde6e4e7-RIX\",\n      \"alt-svc\": \"h3=\\\":443\\\"; ma=86400\",\n      \"server-timing\": \"cfL4;desc=\\\"?proto=TCP&rtt=25528&min_rtt=22989&rtt_var=10434&sent=6&recv=5&lost=0&retrans=0&sent_bytes=2827&recv_bytes=828&delivery_rate=163904&cwnd=252&unsent_bytes=0&cid=ec95bada2271ba77&ts=297&x=0\\\"\"\n    }\n  },\n  {\n    \"title\": \"RESPONSE BODY\",\n    \"value\": {\n      \"id\": 196727,\n      \"user_id\": 7738526,\n      \"title\": \"My First Post\",\n      \"body\": \"This is the content of the post.\"\n    }\n  }\n]",
                  "code": "const postBody = {\n    title: 'My First Post',\n    body: 'This is the content of the post.',\n    user_id: global.executionVariables['userId']\n};\nawait request(this, 'POST', `/posts`, postBody, true, \n    {\n        statusCode: 201,\n        executionVariables: [\n            { path: 'id', name: 'postId' }\n        ],\n        expectedValues: [\n            { path: 'user_id', value: postBody.user_id },\n            { path: 'title', value: postBody.title },\n            { path: 'body', value: postBody.body }\n        ]\n    }\n)",
                  "err": {},
                  "uuid": "6911905e-2a11-43db-9a8e-ac615edec486",
                  "parentUUID": "7c4d2244-1878-408c-aa73-b5e8e1abc43f",
                  "isHook": false,
                  "skipped": false
                },
                {
                  "title": "Get user post",
                  "fullTitle": "Create user Post  Create User Get user post",
                  "timedOut": false,
                  "duration": 364,
                  "state": "passed",
                  "speed": "slow",
                  "pass": true,
                  "fail": false,
                  "pending": false,
                  "context": "[\n  \"GET /posts/196727\",\n  {\n    \"title\": \"REQUEST HEADERS\",\n    \"value\": {\n      \"Content-Type\": \"application/json\",\n      \"Accept\": \"application/json\",\n      \"Authorization\": \"Bearer 051be69887fe6e69c2a5c9754b0ff28081739ab855dac5f46d303350113eecef\"\n    }\n  },\n  {\n    \"title\": \"REQUEST BODY\",\n    \"value\": {}\n  },\n  {\n    \"title\": \"RESPONSE HEADERS\",\n    \"value\": {\n      \"date\": \"Mon, 03 Mar 2025 01:59:51 GMT\",\n      \"content-type\": \"application/json; charset=utf-8\",\n      \"transfer-encoding\": \"chunked\",\n      \"connection\": \"close\",\n      \"cache-control\": \"max-age=0, private, must-revalidate\",\n      \"etag\": \"W/\\\"f8bd1745194c647522e0d60a02481ecc\\\"\",\n      \"feature-policy\": \"camera 'none'; gyroscope 'none'; microphone 'none'; usb 'none'; fullscreen 'self'\",\n      \"referrer-policy\": \"strict-origin-when-cross-origin\",\n      \"vary\": \"Origin\",\n      \"x-content-type-options\": \"nosniff\",\n      \"x-download-options\": \"noopen\",\n      \"x-frame-options\": \"SAMEORIGIN\",\n      \"x-permitted-cross-domain-policies\": \"none\",\n      \"x-ratelimit-limit\": \"90\",\n      \"x-ratelimit-remaining\": \"88\",\n      \"x-ratelimit-reset\": \"2\",\n      \"x-request-id\": \"44e84744-168d-4bd0-b544-18a513f383dd\",\n      \"x-runtime\": \"0.042610\",\n      \"x-xss-protection\": \"0\",\n      \"cf-cache-status\": \"DYNAMIC\",\n      \"report-to\": \"{\\\"endpoints\\\":[{\\\"url\\\":\\\"https:\\\\/\\\\/a.nel.cloudflare.com\\\\/report\\\\/v4?s=LL5q2whApT0EnnzIpycbQAr6Gxhurh2dgOoKJXtNvTUf5CFkf863AWC5wW1FrcLRTaLUG%2B5gwbTzjYZzxICCz9r3mcg%2FhGcXT5wmW%2FBTOqL0x%2BcNwvOYp2O3Ntou6VuEYfnxpmmJvnQ9iBk%3D\\\"}],\\\"group\\\":\\\"cf-nel\\\",\\\"max_age\\\":604800}\",\n      \"nel\": \"{\\\"success_fraction\\\":0,\\\"report_to\\\":\\\"cf-nel\\\",\\\"max_age\\\":604800}\",\n      \"server\": \"cloudflare\",\n      \"cf-ray\": \"91a5897238f0e4e1-RIX\",\n      \"content-encoding\": \"gzip\",\n      \"alt-svc\": \"h3=\\\":443\\\"; ma=86400\",\n      \"server-timing\": \"cfL4;desc=\\\"?proto=TCP&rtt=31365&min_rtt=29983&rtt_var=9945&sent=5&recv=5&lost=0&retrans=0&sent_bytes=2827&recv_bytes=729&delivery_rate=107491&cwnd=252&unsent_bytes=0&cid=2cc27fb9261c063f&ts=280&x=0\\\"\"\n    }\n  },\n  {\n    \"title\": \"RESPONSE BODY\",\n    \"value\": {\n      \"id\": 196727,\n      \"user_id\": 7738526,\n      \"title\": \"My First Post\",\n      \"body\": \"This is the content of the post.\"\n    }\n  }\n]",
                  "code": "await request(this, 'GET', `/posts/${global.executionVariables['postId']}`, undefined, true, \n    {\n        statusCode: 200,\n        expectedValues: [\n            { path: 'id', value: global.executionVariables['postId'] },\n            { path: 'user_id', value: global.executionVariables['userId'] }\n        ]\n    }\n)",
                  "err": {},
                  "uuid": "b8d9c546-88ba-48e0-898d-8553b0b1149e",
                  "parentUUID": "7c4d2244-1878-408c-aa73-b5e8e1abc43f",
                  "isHook": false,
                  "skipped": false
                },
                {
                  "title": "Delete user post",
                  "fullTitle": "Create user Post  Create User Delete user post",
                  "timedOut": false,
                  "duration": 469,
                  "state": "passed",
                  "speed": "slow",
                  "pass": true,
                  "fail": false,
                  "pending": false,
                  "context": "[\n  \"DELETE /posts/196727\",\n  {\n    \"title\": \"REQUEST HEADERS\",\n    \"value\": {\n      \"Content-Type\": \"application/json\",\n      \"Accept\": \"application/json\",\n      \"Authorization\": \"Bearer 051be69887fe6e69c2a5c9754b0ff28081739ab855dac5f46d303350113eecef\"\n    }\n  },\n  {\n    \"title\": \"RESPONSE HEADERS\",\n    \"value\": {\n      \"date\": \"Mon, 03 Mar 2025 01:59:51 GMT\",\n      \"connection\": \"close\",\n      \"cache-control\": \"no-cache\",\n      \"feature-policy\": \"camera 'none'; gyroscope 'none'; microphone 'none'; usb 'none'; fullscreen 'self'\",\n      \"referrer-policy\": \"strict-origin-when-cross-origin\",\n      \"vary\": \"Origin\",\n      \"x-content-type-options\": \"nosniff\",\n      \"x-download-options\": \"noopen\",\n      \"x-frame-options\": \"SAMEORIGIN\",\n      \"x-permitted-cross-domain-policies\": \"none\",\n      \"x-ratelimit-limit\": \"90\",\n      \"x-ratelimit-remaining\": \"87\",\n      \"x-ratelimit-reset\": \"3\",\n      \"x-request-id\": \"02c9766d-382b-4d06-a1c5-4f1ffcca0046\",\n      \"x-runtime\": \"0.052499\",\n      \"x-xss-protection\": \"0\",\n      \"cf-cache-status\": \"DYNAMIC\",\n      \"report-to\": \"{\\\"endpoints\\\":[{\\\"url\\\":\\\"https:\\\\/\\\\/a.nel.cloudflare.com\\\\/report\\\\/v4?s=l3A0k2r9uD9PAt6YMU2wCGZx2VXtDpy0q%2FdDk%2Fdigd0Jbf9E3dc7%2BQdeLE%2BjGUtma%2F9k7oDGhMR3wrSeBtCqSDgOMU4zfWOyvo22Y50UogksfStJYryLctUmgAvrT8oFgIhUyzvu7cq%2ByN8%3D\\\"}],\\\"group\\\":\\\"cf-nel\\\",\\\"max_age\\\":604800}\",\n      \"nel\": \"{\\\"success_fraction\\\":0,\\\"report_to\\\":\\\"cf-nel\\\",\\\"max_age\\\":604800}\",\n      \"server\": \"cloudflare\",\n      \"cf-ray\": \"91a589746cc9a875-RIX\",\n      \"alt-svc\": \"h3=\\\":443\\\"; ma=86400\",\n      \"server-timing\": \"cfL4;desc=\\\"?proto=TCP&rtt=25523&min_rtt=24410&rtt_var=9949&sent=5&recv=5&lost=0&retrans=0&sent_bytes=2827&recv_bytes=732&delivery_rate=154362&cwnd=252&unsent_bytes=0&cid=81dfa12c1a347700&ts=277&x=0\\\"\"\n    }\n  },\n  {\n    \"title\": \"RESPONSE BODY\",\n    \"value\": {}\n  }\n]",
                  "code": "await request(this, 'DELETE', `/posts/${global.executionVariables['postId']}`, undefined, true, \n    {\n        statusCode: 204\n    }\n)",
                  "err": {},
                  "uuid": "09c7d8f3-f61c-4b63-a719-77a107e8b147",
                  "parentUUID": "7c4d2244-1878-408c-aa73-b5e8e1abc43f",
                  "isHook": false,
                  "skipped": false
                },
                {
                  "title": "Delete user account",
                  "fullTitle": "Create user Post  Create User Delete user account",
                  "timedOut": false,
                  "duration": 368,
                  "state": "passed",
                  "speed": "slow",
                  "pass": true,
                  "fail": false,
                  "pending": false,
                  "context": "[\n  \"DELETE /users/7738526\",\n  {\n    \"title\": \"REQUEST HEADERS\",\n    \"value\": {\n      \"Content-Type\": \"application/json\",\n      \"Accept\": \"application/json\",\n      \"Authorization\": \"Bearer 051be69887fe6e69c2a5c9754b0ff28081739ab855dac5f46d303350113eecef\"\n    }\n  },\n  {\n    \"title\": \"RESPONSE HEADERS\",\n    \"value\": {\n      \"date\": \"Mon, 03 Mar 2025 01:59:52 GMT\",\n      \"connection\": \"close\",\n      \"cache-control\": \"no-cache\",\n      \"feature-policy\": \"camera 'none'; gyroscope 'none'; microphone 'none'; usb 'none'; fullscreen 'self'\",\n      \"referrer-policy\": \"strict-origin-when-cross-origin\",\n      \"vary\": \"Origin\",\n      \"x-content-type-options\": \"nosniff\",\n      \"x-download-options\": \"noopen\",\n      \"x-frame-options\": \"SAMEORIGIN\",\n      \"x-permitted-cross-domain-policies\": \"none\",\n      \"x-ratelimit-limit\": \"90\",\n      \"x-ratelimit-remaining\": \"86\",\n      \"x-ratelimit-reset\": \"4\",\n      \"x-request-id\": \"f649c607-3bcf-4cb7-aa88-10e529c5a472\",\n      \"x-runtime\": \"0.062078\",\n      \"x-xss-protection\": \"0\",\n      \"cf-cache-status\": \"DYNAMIC\",\n      \"report-to\": \"{\\\"endpoints\\\":[{\\\"url\\\":\\\"https:\\\\/\\\\/a.nel.cloudflare.com\\\\/report\\\\/v4?s=DV1JJM1RZiDISWwX26%2F2saz3xEaATetJLbpfzqAVZu8sqpeUzBv%2FsmhOjZbbVc8QMpbAWklngE26qpwGQWOFWBRSa0MpzN%2F71SE7GmfXkxdM24f14qnGjZf41DKojOU361GZmUFvpr%2FhtwY%3D\\\"}],\\\"group\\\":\\\"cf-nel\\\",\\\"max_age\\\":604800}\",\n      \"nel\": \"{\\\"success_fraction\\\":0,\\\"report_to\\\":\\\"cf-nel\\\",\\\"max_age\\\":604800}\",\n      \"server\": \"cloudflare\",\n      \"cf-ray\": \"91a589777853e4de-RIX\",\n      \"alt-svc\": \"h3=\\\":443\\\"; ma=86400\",\n      \"server-timing\": \"cfL4;desc=\\\"?proto=TCP&rtt=30870&min_rtt=30654&rtt_var=11927&sent=5&recv=5&lost=0&retrans=0&sent_bytes=2827&recv_bytes=733&delivery_rate=116353&cwnd=252&unsent_bytes=0&cid=7aa019313aa09b6e&ts=299&x=0\\\"\"\n    }\n  },\n  {\n    \"title\": \"RESPONSE BODY\",\n    \"value\": {}\n  }\n]",
                  "code": "await request(this, 'DELETE', `/users/${global.executionVariables['userId']}`, undefined, true, \n    {\n        statusCode : 204,\n    }\n)",
                  "err": {},
                  "uuid": "4199ef32-e16d-4f3a-ae7e-a85a3d47a775",
                  "parentUUID": "7c4d2244-1878-408c-aa73-b5e8e1abc43f",
                  "isHook": false,
                  "skipped": false
                }
              ],
              "suites": [],
              "passes": [
                "a59de789-61ae-46ec-9f05-e54d6b2cf5c4",
                "6911905e-2a11-43db-9a8e-ac615edec486",
                "b8d9c546-88ba-48e0-898d-8553b0b1149e",
                "09c7d8f3-f61c-4b63-a719-77a107e8b147",
                "4199ef32-e16d-4f3a-ae7e-a85a3d47a775"
              ],
              "failures": [],
              "pending": [],
              "skipped": [],
              "duration": 2113,
              "root": false,
              "rootEmpty": false,
              "_timeout": 20000
            }
          ],
          "passes": [],
          "failures": [],
          "pending": [],
          "skipped": [],
          "duration": 0,
          "root": false,
          "rootEmpty": false,
          "_timeout": 20000
        }
      ],
      "passes": [],
      "failures": [],
      "pending": [],
      "skipped": [],
      "duration": 0,
      "root": true,
      "rootEmpty": true,
      "_timeout": 20000
    }
  ],
  "meta": {
    "mocha": {
      "version": "10.8.2"
    },
    "mochawesome": {
      "options": {
        "quiet": false,
        "reportFilename": "mochawesome",
        "saveHtml": true,
        "saveJson": true,
        "consoleReporter": "spec",
        "useInlineDiffs": false,
        "code": true
      },
      "version": "6.3.1"
    },
    "marge": {
      "options": null,
      "version": "5.2.0"
    }
  }
}